{
  "RSpec": {
    "coverage": {
      "/Users/francisoorvalho/workspace/household/app.rb": {
        "lines": [
          1,
          1,
          1,
          1,
          1,
          1,
          1,
          1,
          null,
          null,
          1,
          null,
          null,
          1,
          11,
          null,
          null,
          null,
          1,
          null,
          null,
          1,
          1,
          1,
          null,
          null,
          1,
          null,
          null,
          1,
          1,
          1,
          1,
          null,
          null,
          1,
          null,
          1,
          1,
          1,
          null,
          0,
          null,
          1,
          null,
          null,
          1,
          1,
          null,
          1,
          96,
          null,
          null,
          null,
          1,
          1,
          2,
          2,
          2,
          null,
          null,
          1,
          36,
          null,
          null,
          1,
          3,
          null,
          null,
          1,
          4,
          8,
          null,
          null,
          1,
          2,
          2,
          2,
          2,
          null,
          null,
          null,
          null,
          null,
          1,
          3,
          3,
          null,
          null,
          null,
          null,
          1,
          null
        ]
      },
      "/Users/francisoorvalho/workspace/household/lib/household.rb": {
        "lines": [
          1,
          1,
          null
        ]
      },
      "/Users/francisoorvalho/workspace/household/models/admin.rb": {
        "lines": [
          1,
          1,
          1,
          null
        ]
      },
      "/Users/francisoorvalho/workspace/household/models/category.rb": {
        "lines": [
          null,
          1,
          1,
          1,
          null,
          1,
          null
        ]
      },
      "/Users/francisoorvalho/workspace/household/models/member.rb": {
        "lines": [
          1,
          1,
          1,
          1,
          null,
          1,
          null,
          null,
          null
        ]
      },
      "/Users/francisoorvalho/workspace/household/models/setting.rb": {
        "lines": [
          1,
          1,
          null,
          1,
          1,
          null,
          null,
          1,
          0,
          0,
          0,
          0,
          0,
          null,
          null
        ]
      },
      "/Users/francisoorvalho/workspace/household/models/task.rb": {
        "lines": [
          1,
          1,
          1,
          1,
          1,
          null,
          1,
          1,
          1,
          1,
          null,
          1,
          null,
          1,
          29,
          19,
          7,
          3,
          0,
          null,
          null,
          null,
          1,
          30,
          null,
          null,
          null,
          1,
          0,
          null,
          null,
          1,
          52,
          null,
          null,
          1,
          19,
          null,
          null
        ]
      },
      "/Users/francisoorvalho/workspace/household/models/task_completion.rb": {
        "lines": [
          1,
          1,
          1,
          1,
          null
        ]
      },
      "/Users/francisoorvalho/workspace/household/models/task_template.rb": {
        "lines": [
          1,
          1,
          1,
          null,
          1,
          1,
          1,
          null,
          1,
          54,
          28,
          19,
          6,
          1,
          null,
          null,
          null,
          1,
          113,
          null,
          null,
          1,
          188,
          null,
          null,
          null,
          1,
          null,
          7,
          null,
          null,
          null,
          null,
          null,
          null,
          7,
          null,
          2,
          null,
          null,
          null,
          null,
          null,
          5,
          null,
          null,
          null,
          null,
          null,
          7,
          null,
          null
        ]
      },
      "/Users/francisoorvalho/workspace/household/helpers/application_helper.rb": {
        "lines": [
          1,
          null,
          1,
          null,
          null,
          null,
          null,
          null,
          null,
          1,
          null,
          null,
          null,
          null,
          null,
          null,
          null,
          null,
          null,
          null,
          null,
          null,
          null,
          null,
          1,
          38,
          null,
          null,
          1,
          0,
          null,
          null,
          null,
          1,
          287,
          null,
          null,
          1,
          153,
          null,
          null,
          null,
          1,
          1,
          null,
          null,
          1,
          4,
          null,
          null,
          1,
          1,
          null,
          2,
          null,
          null,
          1,
          62,
          null,
          null,
          null,
          1,
          3,
          0,
          null,
          null
        ]
      },
      "/Users/francisoorvalho/workspace/household/helpers/data_helper.rb": {
        "lines": [
          1,
          1,
          1,
          null,
          null,
          1,
          2,
          5,
          null,
          null,
          1,
          5,
          5,
          5,
          7,
          7,
          null,
          5,
          null,
          null,
          1,
          null,
          2,
          null,
          2,
          null,
          1,
          1,
          null,
          1,
          1,
          null,
          null,
          1,
          1,
          1,
          1,
          null,
          null
        ]
      },
      "/Users/francisoorvalho/workspace/household/plugins/admin/admin.rb": {
        "lines": [
          null,
          1,
          1,
          1,
          null,
          1,
          1,
          1,
          null,
          null,
          1,
          1,
          null,
          null,
          1,
          null,
          null,
          1,
          null,
          null,
          1,
          null,
          40,
          null,
          null,
          20,
          20,
          20,
          null,
          null,
          null,
          1,
          99,
          null,
          null,
          null,
          1,
          null,
          1,
          4,
          null,
          null,
          1,
          16,
          16,
          15,
          15,
          15,
          null,
          1,
          1,
          null,
          null,
          null,
          1,
          1,
          1,
          1,
          null,
          null,
          1,
          40,
          20,
          null,
          null,
          1,
          1,
          1,
          1,
          1,
          null,
          null,
          null,
          1,
          1,
          1,
          null,
          null,
          1,
          1,
          1,
          1,
          null,
          0,
          null,
          1,
          null,
          null,
          1,
          2,
          2,
          1,
          null,
          1,
          null,
          2,
          null,
          null,
          null,
          1,
          1,
          1,
          null,
          null,
          1,
          2,
          2,
          1,
          null,
          1,
          null,
          2,
          null,
          null,
          null,
          1,
          2,
          2,
          2,
          null,
          2,
          null,
          2,
          null,
          null,
          null,
          null,
          null,
          null,
          null,
          4,
          2,
          2,
          null,
          null,
          2,
          null,
          null,
          null,
          1,
          2,
          2,
          null,
          null,
          1,
          2,
          null,
          null,
          null,
          null,
          null,
          null,
          2,
          2,
          null,
          0,
          null,
          2,
          null,
          null,
          1,
          1,
          1,
          null,
          null,
          null,
          null,
          null,
          1,
          null,
          0,
          null,
          1,
          null,
          null,
          null,
          1,
          1,
          1,
          1,
          1,
          0,
          0,
          null,
          1,
          1,
          null,
          1,
          null,
          null,
          null,
          1,
          0,
          0,
          null,
          0,
          null,
          0,
          0,
          null,
          null,
          1,
          0,
          0,
          0,
          0,
          null,
          null,
          null,
          1,
          0,
          null,
          null,
          1,
          null,
          0,
          0,
          0,
          0,
          0,
          null,
          null,
          null,
          null,
          null
        ]
      },
      "/Users/francisoorvalho/workspace/household/plugins/admin/helpers.rb": {
        "lines": [
          1,
          1,
          1,
          1,
          302,
          null,
          null,
          1,
          1,
          null,
          null,
          1,
          23,
          null,
          null,
          1,
          20,
          null,
          null,
          1,
          99,
          99,
          23,
          23,
          null,
          null,
          null,
          null,
          null
        ]
      }
    },
    "timestamp": 1750721553
  }
}
